#
# A fatal error has been detected by the Java Runtime Environment:
#
#  EXCEPTION_ACCESS_VIOLATION (0xc0000005) at pc=0x0000000072caba43, pid=22932, tid=9516
#
# JRE version: OpenJDK Runtime Environment (15.0.1+9) (build 15.0.1+9-18)
# Java VM: OpenJDK 64-Bit Server VM (15.0.1+9-18, mixed mode, tiered, compressed oops, g1 gc, windows-amd64)
# Problematic frame:
# C  [gdx-box2d64.dll+0xba43]
#
# No core dump will be written. Minidumps are not enabled by default on client versions of Windows
#
# If you would like to submit a bug report, please visit:
#   https://bugreport.java.com/bugreport/crash.jsp
# The crash happened outside the Java Virtual Machine in native code.
# See problematic frame for where to report the bug.
#

---------------  S U M M A R Y ------------

Command Line: -Dfile.encoding=Cp1252 -XX:+ShowCodeDetailsInExceptionMessages com.mygdx.hack.DesktopLauncher

Host: AMD Ryzen 5 3600 6-Core Processor              , 12 cores, 15G,  Windows 10 , 64 bit Build 19041 (10.0.19041.2788)
Time: Wed May 10 18:32:24 2023 Paris, Madrid (heure d’été) elapsed time: 7.316992 seconds (0d 0h 0m 7s)

---------------  T H R E A D  ---------------

Current thread (0x000001b5ed674790):  JavaThread "main" [_thread_in_native, id=9516, stack(0x0000003481a00000,0x0000003481b00000)]

Stack: [0x0000003481a00000,0x0000003481b00000],  sp=0x0000003481afed20,  free space=1019k
Native frames: (J=compiled Java code, j=interpreted, Vv=VM code, C=native code)
C  [gdx-box2d64.dll+0xba43]

Java frames: (J=compiled Java code, j=interpreted, Vv=VM code)
j  com.badlogic.gdx.physics.box2d.World.jniCreateBody(JIFFFFFFFFZZZZZF)J+0
j  com.badlogic.gdx.physics.box2d.World.createBody(Lcom/badlogic/gdx/physics/box2d/BodyDef;)Lcom/badlogic/gdx/physics/box2d/Body;+80
j  com.mygdx.states.Play.attack()V+94
J 1339 c1 com.mygdx.states.Play.handleInput()V (387 bytes) @ 0x000001b5807c330c [0x000001b5807c1700+0x0000000000001c0c]
J 1338 c1 com.mygdx.states.Play.update(F)V (66 bytes) @ 0x000001b5807c08d4 [0x000001b5807c0840+0x0000000000000094]
J 1336 c1 com.mygdx.hack.Hackslash.render()V (61 bytes) @ 0x000001b5807bf6ac [0x000001b5807bf000+0x00000000000006ac]
J 1298 c1 com.badlogic.gdx.backends.lwjgl3.Lwjgl3Window.update()Z (217 bytes) @ 0x000001b5807b4464 [0x000001b5807b3a00+0x0000000000000a64]
j  com.badlogic.gdx.backends.lwjgl3.Lwjgl3Application.loop()V+111
j  com.badlogic.gdx.backends.lwjgl3.Lwjgl3Application.<init>(Lcom/badlogic/gdx/ApplicationListener;Lcom/badlogic/gdx/backends/lwjgl3/Lwjgl3ApplicationConfiguration;)V+269
j  com.mygdx.hack.DesktopLauncher.main([Ljava/lang/String;)V+46
v  ~StubRoutines::call_stub

siginfo: EXCEPTION_ACCESS_VIOLATION (0xc0000005), reading address 0x000001b796c11b50


Register to memory mapping:

RIP=0x0000000072caba43 gdx-box2d64.dll
RAX=0x0000000072cef060 gdx-box2d64.dll
RBX=0x000001b796c11b50 is an unknown value
RCX=0x000001b5ff88d2a0 points into unknown readable memory: 0x000001b5ff8a6630 | 30 66 8a ff b5 01 00 00
RDX=0x00000000000000b8 is an unknown value
RSP=0x0000003481afed20 is pointing into the stack for thread: 0x000001b5ed674790
RBP=0x000001b5ff88d2d0 points into unknown readable memory: 0x0000000000000000 | 00 00 00 00 00 00 00 00
RSI=0x000001b5ff88d2a0 points into unknown readable memory: 0x000001b5ff8a6630 | 30 66 8a ff b5 01 00 00
RDI=0x000001b58000a17e is at code_begin+2334 in an Interpreter codelet
invoke return entry points  [0x000001b580009860, 0x000001b58000a260]  2560 bytes
R8 =0x000001b5ff88d2a0 points into unknown readable memory: 0x000001b5ff8a6630 | 30 66 8a ff b5 01 00 00
R9 =0x0 is NULL
R10=0x0 is NULL
R11=0x0000000000000001 is an unknown value
R12=0x0000000000000006 is an unknown value
R13={method} {0x000001b595b40a08} 'jniCreateBody' '(JIFFFFFFFFZZZZZF)J' in 'com/badlogic/gdx/physics/box2d/World'
R14=0x0000003481afeff8 is pointing into the stack for thread: 0x000001b5ed674790
R15=0x000001b5ed674790 is a thread


Registers:
RAX=0x0000000072cef060, RBX=0x000001b796c11b50, RCX=0x000001b5ff88d2a0, RDX=0x00000000000000b8
RSP=0x0000003481afed20, RBP=0x000001b5ff88d2d0, RSI=0x000001b5ff88d2a0, RDI=0x000001b58000a17e
R8 =0x000001b5ff88d2a0, R9 =0x0000000000000000, R10=0x0000000000000000, R11=0x0000000000000001
R12=0x0000000000000006, R13=0x000001b595b40a00, R14=0x0000003481afeff8, R15=0x000001b5ed674790
RIP=0x0000000072caba43, EFLAGS=0x0000000000010206

Top of Stack: (sp=0x0000003481afed20)
0x0000003481afed20:   0000003481afee50 0000003409000009
0x0000003481afed30:   000001b595b40a00 000001b5ed674790
0x0000003481afed40:   00007ff80b255610 000001b58fb736d0
0x0000003481afed50:   000000340000000b 000001b5ff88d2a0
0x0000003481afed60:   0000003481afee00 000001b58000a17e
0x0000003481afed70:   0000003481afef50 0000000000000000
0x0000003481afed80:   000001b595b40a00 0000000072cc0e22
0x0000003481afed90:   0000003481afee40 0000003481afee40
0x0000003481afeda0:   0000000000000003 000001b595b40a00
0x0000003481afedb0:   000001b5ed674790 000001b595b40a00
0x0000003481afedc0:   000001b5ed674790 0000000000000001
0x0000003481afedd0:   0000000000000000 0000000072cc66e6
0x0000003481afede0:   000001b595b40a00 0000000000000000
0x0000003481afedf0:   0000003481afef50 000001b580008b8b
0x0000003481afee00:   40198bfa00000000 000000004105eeef
0x0000003481afee10:   0000000000000000 0000000000000000 

Instructions: (pc=0x0000000072caba43)
0x0000000072cab943:   f6 48 8d 2d b5 16 03 00 48 8d 3d 0e 37 04 00 4c
0x0000000072cab953:   8d 2d f7 31 03 00 4c 8d 25 55 32 03 00 eb 1a 83
0x0000000072cab963:   fe 0d 7e 11 41 b8 49 00 00 00 4c 89 ea 4c 89 e1
0x0000000072cab973:   e8 18 82 02 00 48 83 c3 01 48 63 c6 39 5c 85 00
0x0000000072cab983:   7d 03 83 c6 01 48 81 fb 80 02 00 00 40 88 34 1f
0x0000000072cab993:   75 cd c6 05 a4 36 04 00 01 48 83 c4 28 5b 5e 5f
0x0000000072cab9a3:   5d 41 5c 41 5d c3 90 66 0f 1f 44 00 00 57 56 53
0x0000000072cab9b3:   48 83 ec 20 8b 41 08 48 89 cf 85 c0 7e 1d 31 f6
0x0000000072cab9c3:   31 db 48 8b 07 83 c3 01 48 8b 4c 30 08 48 83 c6
0x0000000072cab9d3:   10 e8 a7 08 00 00 39 5f 08 7f e7 48 8b 0f 48 83
0x0000000072cab9e3:   c4 20 5b 5e 5f e9 93 08 00 00 90 66 90 41 55 41
0x0000000072cab9f3:   54 55 57 56 53 48 83 ec 38 48 63 da 48 89 ce 83
0x0000000072caba03:   fb 00 0f 84 95 01 00 00 0f 8e 6f 01 00 00 81 fb
0x0000000072caba13:   80 02 00 00 0f 8f 23 01 00 00 48 8d 05 3c 36 04
0x0000000072caba23:   00 44 0f b6 24 18 41 80 fc 0d 4c 89 e3 0f 87 da
0x0000000072caba33:   00 00 00 48 8d 2c de 48 8b 5d 10 48 85 db 74 1d
0x0000000072caba43:   48 8b 03 48 89 45 10 48 89 d8 48 83 c4 38 5b 5e
0x0000000072caba53:   5f 5d 41 5c 41 5d c3 66 0f 1f 44 00 00 48 63 46
0x0000000072caba63:   08 4c 8b 2e 3b 46 0c 0f 84 40 01 00 00 48 c1 e0
0x0000000072caba73:   04 b9 00 40 00 00 4d 63 e4 49 8d 7c 05 00 e8 ea
0x0000000072caba83:   07 00 00 48 89 c3 48 89 47 08 48 8d 05 6c 15 03
0x0000000072caba93:   00 46 8b 24 a0 b8 00 40 00 00 99 41 f7 fc 45 89
0x0000000072cabaa3:   e5 44 89 27 44 0f af e8 41 81 fd 00 40 00 00 0f
0x0000000072cabab3:   8f 9b 00 00 00 83 f8 01 7e 23 49 63 d4 83 e8 01
0x0000000072cabac3:   45 31 c0 49 89 d1 48 8d 0c 13 49 f7 d9 41 83 c0
0x0000000072cabad3:   01 4a 89 0c 09 48 01 d1 41 39 c0 75 f0 45 29 e5
0x0000000072cabae3:   4d 63 ed 4a c7 04 2b 00 00 00 00 48 8b 03 48 89
0x0000000072cabaf3:   45 10 83 46 08 01 48 89 d8 48 83 c4 38 5b 5e 5f
0x0000000072cabb03:   5d 41 5c 41 5d c3 0f 1f 80 00 00 00 00 48 8d 15
0x0000000072cabb13:   39 30 03 00 48 8d 0d b2 30 03 00 48 8d 2c de 41
0x0000000072cabb23:   b8 70 00 00 00 e8 63 80 02 00 48 8b 5d 10 48 85
0x0000000072cabb33:   db 0f 85 09 ff ff ff e9 21 ff ff ff 90 89 d9 48 


Stack slot to memory mapping:
stack at sp + 0 slots: 0x0000003481afee50 is pointing into the stack for thread: 0x000001b5ed674790
stack at sp + 1 slots: 0x0000003409000009 is an unknown value
stack at sp + 2 slots: {method} {0x000001b595b40a08} 'jniCreateBody' '(JIFFFFFFFFZZZZZF)J' in 'com/badlogic/gdx/physics/box2d/World'
stack at sp + 3 slots: 0x000001b5ed674790 is a thread
stack at sp + 4 slots: 0x00007ff80b255610 jvm.dll
stack at sp + 5 slots: 0x000001b58fb736d0 points into unknown readable memory: 0x4a280013ec710001 | 01 00 71 ec 13 00 28 4a
stack at sp + 6 slots: 0x000000340000000b is an unknown value
stack at sp + 7 slots: 0x000001b5ff88d2a0 points into unknown readable memory: 0x000001b5ff8a6630 | 30 66 8a ff b5 01 00 00


---------------  P R O C E S S  ---------------

Threads class SMR info:
_java_thread_list=0x000001b58fd28740, length=12, elements={
0x000001b5ed674790, 0x000001b5fe2be020, 0x000001b5fe2bf180, 0x000001b5fe2e0720,
0x000001b5fe2e10e0, 0x000001b5fe2e2240, 0x000001b5fe2e7e90, 0x000001b5fe2ec5e0,
0x000001b5fe2edb70, 0x000001b5fe49ee00, 0x000001b5fe49f2d0, 0x000001b58fa97c30
}

Java Threads: ( => current thread )
=>0x000001b5ed674790 JavaThread "main" [_thread_in_native, id=9516, stack(0x0000003481a00000,0x0000003481b00000)]
  0x000001b5fe2be020 JavaThread "Reference Handler" daemon [_thread_blocked, id=15768, stack(0x0000003482100000,0x0000003482200000)]
  0x000001b5fe2bf180 JavaThread "Finalizer" daemon [_thread_blocked, id=11880, stack(0x0000003482200000,0x0000003482300000)]
  0x000001b5fe2e0720 JavaThread "Signal Dispatcher" daemon [_thread_blocked, id=12224, stack(0x0000003482300000,0x0000003482400000)]
  0x000001b5fe2e10e0 JavaThread "Attach Listener" daemon [_thread_blocked, id=1960, stack(0x0000003482400000,0x0000003482500000)]
  0x000001b5fe2e2240 JavaThread "Service Thread" daemon [_thread_blocked, id=2008, stack(0x0000003482500000,0x0000003482600000)]
  0x000001b5fe2e7e90 JavaThread "C2 CompilerThread0" daemon [_thread_blocked, id=21844, stack(0x0000003482600000,0x0000003482700000)]
  0x000001b5fe2ec5e0 JavaThread "C1 CompilerThread0" daemon [_thread_blocked, id=2172, stack(0x0000003482700000,0x0000003482800000)]
  0x000001b5fe2edb70 JavaThread "Sweeper thread" daemon [_thread_blocked, id=16940, stack(0x0000003482800000,0x0000003482900000)]
  0x000001b5fe49ee00 JavaThread "Notification Thread" daemon [_thread_blocked, id=13208, stack(0x0000003482900000,0x0000003482a00000)]
  0x000001b5fe49f2d0 JavaThread "Common-Cleaner" daemon [_thread_blocked, id=12332, stack(0x0000003482b00000,0x0000003482c00000)]
  0x000001b58fa97c30 JavaThread "LWJGL3 Timer" daemon [_thread_blocked, id=9868, stack(0x0000003483600000,0x0000003483700000)]

Other Threads:
  0x000001b5fe288050 VMThread "VM Thread" [stack: 0x0000003482000000,0x0000003482100000] [id=22016]
  0x000001b5fda1f590 WatcherThread [stack: 0x0000003482a00000,0x0000003482b00000] [id=14076]
  0x000001b5ed6c54e0 GCTaskThread "GC Thread#0" [stack: 0x0000003481b00000,0x0000003481c00000] [id=12052]
  0x000001b5ed6d7af0 ConcurrentGCThread "G1 Main Marker" [stack: 0x0000003481c00000,0x0000003481d00000] [id=13020]
  0x000001b5ed6da3c0 ConcurrentGCThread "G1 Conc#0" [stack: 0x0000003481d00000,0x0000003481e00000] [id=10988]
  0x000001b5fd8b40e0 ConcurrentGCThread "G1 Refine#0" [stack: 0x0000003481e00000,0x0000003481f00000] [id=21628]
  0x000001b5fd8b49b0 ConcurrentGCThread "G1 Young RemSet Sampling" [stack: 0x0000003481f00000,0x0000003482000000] [id=2580]

Threads with active compile tasks:

VM state: not at safepoint (normal execution)

VM Mutex/Monitor currently owned by a thread: None

Heap address: 0x0000000700c00000, size: 4084 MB, Compressed Oops mode: Zero based, Oop shift amount: 3
CDS disabled.
Compressed class space mapped at: 0x0000000800000000-0x0000000840000000, size: 1073741824
Narrow klass base: 0x0000000800000000, Narrow klass shift: 0, Narrow klass range: 0x40000000

GC Precious Log:
 CPUs: 12 total, 12 available
 Memory: 16333M
 Large Page Support: Disabled
 NUMA Support: Disabled
 Compressed Oops: Enabled (Zero based)
 Heap Region Size: 2M
 Heap Min Capacity: 8M
 Heap Initial Capacity: 256M
 Heap Max Capacity: 4084M
 Pre-touch: Disabled
 Parallel Workers: 10
 Concurrent Workers: 3
 Concurrent Refinement Workers: 10
 Periodic GC: Disabled

Heap:
 garbage-first heap   total 262144K, used 18432K [0x0000000700c00000, 0x0000000800000000)
  region size 2048K, 10 young (20480K), 0 survivors (0K)
 Metaspace       used 13300K, capacity 13506K, committed 13696K, reserved 1062912K
  class space    used 1015K, capacity 1070K, committed 1152K, reserved 1048576K

Heap Regions: E=young(eden), S=young(survivor), O=old, HS=humongous(starts), HC=humongous(continues), CS=collection set, F=free, OA=open archive, CA=closed archive, TAMS=top-at-mark-start (previous, next)
|   0|0x0000000700c00000, 0x0000000700c00000, 0x0000000700e00000|  0%| F|  |TAMS 0x0000000700c00000, 0x0000000700c00000| Untracked 
|   1|0x0000000700e00000, 0x0000000700e00000, 0x0000000701000000|  0%| F|  |TAMS 0x0000000700e00000, 0x0000000700e00000| Untracked 
|   2|0x0000000701000000, 0x0000000701000000, 0x0000000701200000|  0%| F|  |TAMS 0x0000000701000000, 0x0000000701000000| Untracked 
|   3|0x0000000701200000, 0x0000000701200000, 0x0000000701400000|  0%| F|  |TAMS 0x0000000701200000, 0x0000000701200000| Untracked 
|   4|0x0000000701400000, 0x0000000701400000, 0x0000000701600000|  0%| F|  |TAMS 0x0000000701400000, 0x0000000701400000| Untracked 
|   5|0x0000000701600000, 0x0000000701600000, 0x0000000701800000|  0%| F|  |TAMS 0x0000000701600000, 0x0000000701600000| Untracked 
|   6|0x0000000701800000, 0x0000000701800000, 0x0000000701a00000|  0%| F|  |TAMS 0x0000000701800000, 0x0000000701800000| Untracked 
|   7|0x0000000701a00000, 0x0000000701a00000, 0x0000000701c00000|  0%| F|  |TAMS 0x0000000701a00000, 0x0000000701a00000| Untracked 
|   8|0x0000000701c00000, 0x0000000701c00000, 0x0000000701e00000|  0%| F|  |TAMS 0x0000000701c00000, 0x0000000701c00000| Untracked 
|   9|0x0000000701e00000, 0x0000000701e00000, 0x0000000702000000|  0%| F|  |TAMS 0x0000000701e00000, 0x0000000701e00000| Untracked 
|  10|0x0000000702000000, 0x0000000702000000, 0x0000000702200000|  0%| F|  |TAMS 0x0000000702000000, 0x0000000702000000| Untracked 
|  11|0x0000000702200000, 0x0000000702200000, 0x0000000702400000|  0%| F|  |TAMS 0x0000000702200000, 0x0000000702200000| Untracked 
|  12|0x0000000702400000, 0x0000000702400000, 0x0000000702600000|  0%| F|  |TAMS 0x0000000702400000, 0x0000000702400000| Untracked 
|  13|0x0000000702600000, 0x0000000702600000, 0x0000000702800000|  0%| F|  |TAMS 0x0000000702600000, 0x0000000702600000| Untracked 
|  14|0x0000000702800000, 0x0000000702800000, 0x0000000702a00000|  0%| F|  |TAMS 0x0000000702800000, 0x0000000702800000| Untracked 
|  15|0x0000000702a00000, 0x0000000702a00000, 0x0000000702c00000|  0%| F|  |TAMS 0x0000000702a00000, 0x0000000702a00000| Untracked 
|  16|0x0000000702c00000, 0x0000000702c00000, 0x0000000702e00000|  0%| F|  |TAMS 0x0000000702c00000, 0x0000000702c00000| Untracked 
|  17|0x0000000702e00000, 0x0000000702e00000, 0x0000000703000000|  0%| F|  |TAMS 0x0000000702e00000, 0x0000000702e00000| Untracked 
|  18|0x0000000703000000, 0x0000000703000000, 0x0000000703200000|  0%| F|  |TAMS 0x0000000703000000, 0x0000000703000000| Untracked 
|  19|0x0000000703200000, 0x0000000703200000, 0x0000000703400000|  0%| F|  |TAMS 0x0000000703200000, 0x0000000703200000| Untracked 
|  20|0x0000000703400000, 0x0000000703400000, 0x0000000703600000|  0%| F|  |TAMS 0x0000000703400000, 0x0000000703400000| Untracked 
|  21|0x0000000703600000, 0x0000000703600000, 0x0000000703800000|  0%| F|  |TAMS 0x0000000703600000, 0x0000000703600000| Untracked 
|  22|0x0000000703800000, 0x0000000703800000, 0x0000000703a00000|  0%| F|  |TAMS 0x0000000703800000, 0x0000000703800000| Untracked 
|  23|0x0000000703a00000, 0x0000000703a00000, 0x0000000703c00000|  0%| F|  |TAMS 0x0000000703a00000, 0x0000000703a00000| Untracked 
|  24|0x0000000703c00000, 0x0000000703c00000, 0x0000000703e00000|  0%| F|  |TAMS 0x0000000703c00000, 0x0000000703c00000| Untracked 
|  25|0x0000000703e00000, 0x0000000703e00000, 0x0000000704000000|  0%| F|  |TAMS 0x0000000703e00000, 0x0000000703e00000| Untracked 
|  26|0x0000000704000000, 0x0000000704000000, 0x0000000704200000|  0%| F|  |TAMS 0x0000000704000000, 0x0000000704000000| Untracked 
|  27|0x0000000704200000, 0x0000000704200000, 0x0000000704400000|  0%| F|  |TAMS 0x0000000704200000, 0x0000000704200000| Untracked 
|  28|0x0000000704400000, 0x0000000704400000, 0x0000000704600000|  0%| F|  |TAMS 0x0000000704400000, 0x0000000704400000| Untracked 
|  29|0x0000000704600000, 0x0000000704600000, 0x0000000704800000|  0%| F|  |TAMS 0x0000000704600000, 0x0000000704600000| Untracked 
|  30|0x0000000704800000, 0x0000000704800000, 0x0000000704a00000|  0%| F|  |TAMS 0x0000000704800000, 0x0000000704800000| Untracked 
|  31|0x0000000704a00000, 0x0000000704a00000, 0x0000000704c00000|  0%| F|  |TAMS 0x0000000704a00000, 0x0000000704a00000| Untracked 
|  32|0x0000000704c00000, 0x0000000704c00000, 0x0000000704e00000|  0%| F|  |TAMS 0x0000000704c00000, 0x0000000704c00000| Untracked 
|  33|0x0000000704e00000, 0x0000000704e00000, 0x0000000705000000|  0%| F|  |TAMS 0x0000000704e00000, 0x0000000704e00000| Untracked 
|  34|0x0000000705000000, 0x0000000705000000, 0x0000000705200000|  0%| F|  |TAMS 0x0000000705000000, 0x0000000705000000| Untracked 
|  35|0x0000000705200000, 0x0000000705200000, 0x0000000705400000|  0%| F|  |TAMS 0x0000000705200000, 0x0000000705200000| Untracked 
|  36|0x0000000705400000, 0x0000000705400000, 0x0000000705600000|  0%| F|  |TAMS 0x0000000705400000, 0x0000000705400000| Untracked 
|  37|0x0000000705600000, 0x0000000705600000, 0x0000000705800000|  0%| F|  |TAMS 0x0000000705600000, 0x0000000705600000| Untracked 
|  38|0x0000000705800000, 0x0000000705800000, 0x0000000705a00000|  0%| F|  |TAMS 0x0000000705800000, 0x0000000705800000| Untracked 
|  39|0x0000000705a00000, 0x0000000705a00000, 0x0000000705c00000|  0%| F|  |TAMS 0x0000000705a00000, 0x0000000705a00000| Untracked 
|  40|0x0000000705c00000, 0x0000000705c00000, 0x0000000705e00000|  0%| F|  |TAMS 0x0000000705c00000, 0x0000000705c00000| Untracked 
|  41|0x0000000705e00000, 0x0000000705e00000, 0x0000000706000000|  0%| F|  |TAMS 0x0000000705e00000, 0x0000000705e00000| Untracked 
|  42|0x0000000706000000, 0x0000000706000000, 0x0000000706200000|  0%| F|  |TAMS 0x0000000706000000, 0x0000000706000000| Untracked 
|  43|0x0000000706200000, 0x0000000706200000, 0x0000000706400000|  0%| F|  |TAMS 0x0000000706200000, 0x0000000706200000| Untracked 
|  44|0x0000000706400000, 0x0000000706400000, 0x0000000706600000|  0%| F|  |TAMS 0x0000000706400000, 0x0000000706400000| Untracked 
|  45|0x0000000706600000, 0x0000000706600000, 0x0000000706800000|  0%| F|  |TAMS 0x0000000706600000, 0x0000000706600000| Untracked 
|  46|0x0000000706800000, 0x0000000706800000, 0x0000000706a00000|  0%| F|  |TAMS 0x0000000706800000, 0x0000000706800000| Untracked 
|  47|0x0000000706a00000, 0x0000000706a00000, 0x0000000706c00000|  0%| F|  |TAMS 0x0000000706a00000, 0x0000000706a00000| Untracked 
|  48|0x0000000706c00000, 0x0000000706c00000, 0x0000000706e00000|  0%| F|  |TAMS 0x0000000706c00000, 0x0000000706c00000| Untracked 
|  49|0x0000000706e00000, 0x0000000706e00000, 0x0000000707000000|  0%| F|  |TAMS 0x0000000706e00000, 0x0000000706e00000| Untracked 
|  50|0x0000000707000000, 0x0000000707000000, 0x0000000707200000|  0%| F|  |TAMS 0x0000000707000000, 0x0000000707000000| Untracked 
|  51|0x0000000707200000, 0x0000000707200000, 0x0000000707400000|  0%| F|  |TAMS 0x0000000707200000, 0x0000000707200000| Untracked 
|  52|0x0000000707400000, 0x0000000707400000, 0x0000000707600000|  0%| F|  |TAMS 0x0000000707400000, 0x0000000707400000| Untracked 
|  53|0x0000000707600000, 0x0000000707600000, 0x0000000707800000|  0%| F|  |TAMS 0x0000000707600000, 0x0000000707600000| Untracked 
|  54|0x0000000707800000, 0x0000000707800000, 0x0000000707a00000|  0%| F|  |TAMS 0x0000000707800000, 0x0000000707800000| Untracked 
|  55|0x0000000707a00000, 0x0000000707a00000, 0x0000000707c00000|  0%| F|  |TAMS 0x0000000707a00000, 0x0000000707a00000| Untracked 
|  56|0x0000000707c00000, 0x0000000707c00000, 0x0000000707e00000|  0%| F|  |TAMS 0x0000000707c00000, 0x0000000707c00000| Untracked 
|  57|0x0000000707e00000, 0x0000000707e00000, 0x0000000708000000|  0%| F|  |TAMS 0x0000000707e00000, 0x0000000707e00000| Untracked 
|  58|0x0000000708000000, 0x0000000708000000, 0x0000000708200000|  0%| F|  |TAMS 0x0000000708000000, 0x0000000708000000| Untracked 
|  59|0x0000000708200000, 0x0000000708200000, 0x0000000708400000|  0%| F|  |TAMS 0x0000000708200000, 0x0000000708200000| Untracked 
|  60|0x0000000708400000, 0x0000000708400000, 0x0000000708600000|  0%| F|  |TAMS 0x0000000708400000, 0x0000000708400000| Untracked 
|  61|0x0000000708600000, 0x0000000708600000, 0x0000000708800000|  0%| F|  |TAMS 0x0000000708600000, 0x0000000708600000| Untracked 
|  62|0x0000000708800000, 0x0000000708800000, 0x0000000708a00000|  0%| F|  |TAMS 0x0000000708800000, 0x0000000708800000| Untracked 
|  63|0x0000000708a00000, 0x0000000708a00000, 0x0000000708c00000|  0%| F|  |TAMS 0x0000000708a00000, 0x0000000708a00000| Untracked 
|  64|0x0000000708c00000, 0x0000000708c00000, 0x0000000708e00000|  0%| F|  |TAMS 0x0000000708c00000, 0x0000000708c00000| Untracked 
|  65|0x0000000708e00000, 0x0000000708e00000, 0x0000000709000000|  0%| F|  |TAMS 0x0000000708e00000, 0x0000000708e00000| Untracked 
|  66|0x0000000709000000, 0x0000000709000000, 0x0000000709200000|  0%| F|  |TAMS 0x0000000709000000, 0x0000000709000000| Untracked 
|  67|0x0000000709200000, 0x0000000709200000, 0x0000000709400000|  0%| F|  |TAMS 0x0000000709200000, 0x0000000709200000| Untracked 
|  68|0x0000000709400000, 0x0000000709400000, 0x0000000709600000|  0%| F|  |TAMS 0x0000000709400000, 0x0000000709400000| Untracked 
|  69|0x0000000709600000, 0x0000000709600000, 0x0000000709800000|  0%| F|  |TAMS 0x0000000709600000, 0x0000000709600000| Untracked 
|  70|0x0000000709800000, 0x0000000709800000, 0x0000000709a00000|  0%| F|  |TAMS 0x0000000709800000, 0x0000000709800000| Untracked 
|  71|0x0000000709a00000, 0x0000000709a00000, 0x0000000709c00000|  0%| F|  |TAMS 0x0000000709a00000, 0x0000000709a00000| Untracked 
|  72|0x0000000709c00000, 0x0000000709c00000, 0x0000000709e00000|  0%| F|  |TAMS 0x0000000709c00000, 0x0000000709c00000| Untracked 
|  73|0x0000000709e00000, 0x0000000709e00000, 0x000000070a000000|  0%| F|  |TAMS 0x0000000709e00000, 0x0000000709e00000| Untracked 
|  74|0x000000070a000000, 0x000000070a000000, 0x000000070a200000|  0%| F|  |TAMS 0x000000070a000000, 0x000000070a000000| Untracked 
|  75|0x000000070a200000, 0x000000070a200000, 0x000000070a400000|  0%| F|  |TAMS 0x000000070a200000, 0x000000070a200000| Untracked 
|  76|0x000000070a400000, 0x000000070a400000, 0x000000070a600000|  0%| F|  |TAMS 0x000000070a400000, 0x000000070a400000| Untracked 
|  77|0x000000070a600000, 0x000000070a600000, 0x000000070a800000|  0%| F|  |TAMS 0x000000070a600000, 0x000000070a600000| Untracked 
|  78|0x000000070a800000, 0x000000070a800000, 0x000000070aa00000|  0%| F|  |TAMS 0x000000070a800000, 0x000000070a800000| Untracked 
|  79|0x000000070aa00000, 0x000000070aa00000, 0x000000070ac00000|  0%| F|  |TAMS 0x000000070aa00000, 0x000000070aa00000| Untracked 
|  80|0x000000070ac00000, 0x000000070ac00000, 0x000000070ae00000|  0%| F|  |TAMS 0x000000070ac00000, 0x000000070ac00000| Untracked 
|  81|0x000000070ae00000, 0x000000070ae00000, 0x000000070b000000|  0%| F|  |TAMS 0x000000070ae00000, 0x000000070ae00000| Untracked 
|  82|0x000000070b000000, 0x000000070b000000, 0x000000070b200000|  0%| F|  |TAMS 0x000000070b000000, 0x000000070b000000| Untracked 
|  83|0x000000070b200000, 0x000000070b200000, 0x000000070b400000|  0%| F|  |TAMS 0x000000070b200000, 0x000000070b200000| Untracked 
|  84|0x000000070b400000, 0x000000070b400000, 0x000000070b600000|  0%| F|  |TAMS 0x000000070b400000, 0x000000070b400000| Untracked 
|  85|0x000000070b600000, 0x000000070b600000, 0x000000070b800000|  0%| F|  |TAMS 0x000000070b600000, 0x000000070b600000| Untracked 
|  86|0x000000070b800000, 0x000000070b800000, 0x000000070ba00000|  0%| F|  |TAMS 0x000000070b800000, 0x000000070b800000| Untracked 
|  87|0x000000070ba00000, 0x000000070ba00000, 0x000000070bc00000|  0%| F|  |TAMS 0x000000070ba00000, 0x000000070ba00000| Untracked 
|  88|0x000000070bc00000, 0x000000070bc00000, 0x000000070be00000|  0%| F|  |TAMS 0x000000070bc00000, 0x000000070bc00000| Untracked 
|  89|0x000000070be00000, 0x000000070be00000, 0x000000070c000000|  0%| F|  |TAMS 0x000000070be00000, 0x000000070be00000| Untracked 
|  90|0x000000070c000000, 0x000000070c000000, 0x000000070c200000|  0%| F|  |TAMS 0x000000070c000000, 0x000000070c000000| Untracked 
|  91|0x000000070c200000, 0x000000070c200000, 0x000000070c400000|  0%| F|  |TAMS 0x000000070c200000, 0x000000070c200000| Untracked 
|  92|0x000000070c400000, 0x000000070c400000, 0x000000070c600000|  0%| F|  |TAMS 0x000000070c400000, 0x000000070c400000| Untracked 
|  93|0x000000070c600000, 0x000000070c600000, 0x000000070c800000|  0%| F|  |TAMS 0x000000070c600000, 0x000000070c600000| Untracked 
|  94|0x000000070c800000, 0x000000070c800000, 0x000000070ca00000|  0%| F|  |TAMS 0x000000070c800000, 0x000000070c800000| Untracked 
|  95|0x000000070ca00000, 0x000000070ca00000, 0x000000070cc00000|  0%| F|  |TAMS 0x000000070ca00000, 0x000000070ca00000| Untracked 
|  96|0x000000070cc00000, 0x000000070cc00000, 0x000000070ce00000|  0%| F|  |TAMS 0x000000070cc00000, 0x000000070cc00000| Untracked 
|  97|0x000000070ce00000, 0x000000070ce00000, 0x000000070d000000|  0%| F|  |TAMS 0x000000070ce00000, 0x000000070ce00000| Untracked 
|  98|0x000000070d000000, 0x000000070d000000, 0x000000070d200000|  0%| F|  |TAMS 0x000000070d000000, 0x000000070d000000| Untracked 
|  99|0x000000070d200000, 0x000000070d200000, 0x000000070d400000|  0%| F|  |TAMS 0x000000070d200000, 0x000000070d200000| Untracked 
| 100|0x000000070d400000, 0x000000070d400000, 0x000000070d600000|  0%| F|  |TAMS 0x000000070d400000, 0x000000070d400000| Untracked 
| 101|0x000000070d600000, 0x000000070d600000, 0x000000070d800000|  0%| F|  |TAMS 0x000000070d600000, 0x000000070d600000| Untracked 
| 102|0x000000070d800000, 0x000000070d800000, 0x000000070da00000|  0%| F|  |TAMS 0x000000070d800000, 0x000000070d800000| Untracked 
| 103|0x000000070da00000, 0x000000070da00000, 0x000000070dc00000|  0%| F|  |TAMS 0x000000070da00000, 0x000000070da00000| Untracked 
| 104|0x000000070dc00000, 0x000000070dc00000, 0x000000070de00000|  0%| F|  |TAMS 0x000000070dc00000, 0x000000070dc00000| Untracked 
| 105|0x000000070de00000, 0x000000070de00000, 0x000000070e000000|  0%| F|  |TAMS 0x000000070de00000, 0x000000070de00000| Untracked 
| 106|0x000000070e000000, 0x000000070e000000, 0x000000070e200000|  0%| F|  |TAMS 0x000000070e000000, 0x000000070e000000| Untracked 
| 107|0x000000070e200000, 0x000000070e200000, 0x000000070e400000|  0%| F|  |TAMS 0x000000070e200000, 0x000000070e200000| Untracked 
| 108|0x000000070e400000, 0x000000070e400000, 0x000000070e600000|  0%| F|  |TAMS 0x000000070e400000, 0x000000070e400000| Untracked 
| 109|0x000000070e600000, 0x000000070e600000, 0x000000070e800000|  0%| F|  |TAMS 0x000000070e600000, 0x000000070e600000| Untracked 
| 110|0x000000070e800000, 0x000000070e800000, 0x000000070ea00000|  0%| F|  |TAMS 0x000000070e800000, 0x000000070e800000| Untracked 
| 111|0x000000070ea00000, 0x000000070ea00000, 0x000000070ec00000|  0%| F|  |TAMS 0x000000070ea00000, 0x000000070ea00000| Untracked 
| 112|0x000000070ec00000, 0x000000070ec00000, 0x000000070ee00000|  0%| F|  |TAMS 0x000000070ec00000, 0x000000070ec00000| Untracked 
| 113|0x000000070ee00000, 0x000000070ee00000, 0x000000070f000000|  0%| F|  |TAMS 0x000000070ee00000, 0x000000070ee00000| Untracked 
| 114|0x000000070f000000, 0x000000070f000000, 0x000000070f200000|  0%| F|  |TAMS 0x000000070f000000, 0x000000070f000000| Untracked 
| 115|0x000000070f200000, 0x000000070f200000, 0x000000070f400000|  0%| F|  |TAMS 0x000000070f200000, 0x000000070f200000| Untracked 
| 116|0x000000070f400000, 0x000000070f400000, 0x000000070f600000|  0%| F|  |TAMS 0x000000070f400000, 0x000000070f400000| Untracked 
| 117|0x000000070f600000, 0x000000070f600000, 0x000000070f800000|  0%| F|  |TAMS 0x000000070f600000, 0x000000070f600000| Untracked 
| 118|0x000000070f800000, 0x000000070f9db200, 0x000000070fa00000| 92%| E|  |TAMS 0x000000070f800000, 0x000000070f800000| Complete 
| 119|0x000000070fa00000, 0x000000070fc00000, 0x000000070fc00000|100%| E|CS|TAMS 0x000000070fa00000, 0x000000070fa00000| Complete 
| 120|0x000000070fc00000, 0x000000070fe00000, 0x000000070fe00000|100%| E|CS|TAMS 0x000000070fc00000, 0x000000070fc00000| Complete 
| 121|0x000000070fe00000, 0x0000000710000000, 0x0000000710000000|100%| E|CS|TAMS 0x000000070fe00000, 0x000000070fe00000| Complete 
| 122|0x0000000710000000, 0x0000000710200000, 0x0000000710200000|100%| E|CS|TAMS 0x0000000710000000, 0x0000000710000000| Complete 
| 123|0x0000000710200000, 0x0000000710400000, 0x0000000710400000|100%| E|CS|TAMS 0x0000000710200000, 0x0000000710200000| Complete 
| 124|0x0000000710400000, 0x0000000710600000, 0x0000000710600000|100%| E|CS|TAMS 0x0000000710400000, 0x0000000710400000| Complete 
| 125|0x0000000710600000, 0x0000000710800000, 0x0000000710800000|100%| E|CS|TAMS 0x0000000710600000, 0x0000000710600000| Complete 
| 126|0x0000000710800000, 0x0000000710a00000, 0x0000000710a00000|100%| E|CS|TAMS 0x0000000710800000, 0x0000000710800000| Complete 
| 127|0x0000000710a00000, 0x0000000710c00000, 0x0000000710c00000|100%| E|CS|TAMS 0x0000000710a00000, 0x0000000710a00000| Complete 

Card table byte_map: [0x000001b5f1dd0000,0x000001b5f25d0000] _byte_map_base: 0x000001b5ee5ca000

Marking Bits (Prev, Next): (CMBitMap*) 0x000001b5ed6c69b0, (CMBitMap*) 0x000001b5ed6c69f0
 Prev Bits: [0x000001b5f2dd0000, 0x000001b5f6da0000)
 Next Bits: [0x000001b5f6da0000, 0x000001b5fad70000)

Polling page: 0x000001b5eb670000

Metaspace:

Usage:
  Non-class:     12.14 MB capacity,    12.00 MB ( 99%) used,   138.56 KB (  1%) free+waste,    12.06 KB ( <1%) overhead. 
      Class:      1.04 MB capacity,  1015.20 KB ( 95%) used,    51.17 KB (  5%) free+waste,     3.62 KB ( <1%) overhead. 
       Both:     13.19 MB capacity,    12.99 MB ( 98%) used,   189.73 KB (  1%) free+waste,    15.69 KB ( <1%) overhead. 

Virtual space:
  Non-class space:       14.00 MB reserved,      12.25 MB ( 88%) committed 
      Class space:        1.00 GB reserved,       1.12 MB ( <1%) committed 
             Both:        1.01 GB reserved,      13.38 MB (  1%) committed 

Chunk freelists:
   Non-Class:  108.00 KB
       Class:  18.00 KB
        Both:  126.00 KB

MaxMetaspaceSize: 17179869184.00 GB
CompressedClassSpaceSize: 1.00 GB

CodeHeap 'non-profiled nmethods': size=120000Kb used=554Kb max_used=554Kb free=119445Kb
 bounds [0x000001b587ad0000, 0x000001b587d40000, 0x000001b58f000000]
CodeHeap 'profiled nmethods': size=120000Kb used=2205Kb max_used=2205Kb free=117794Kb
 bounds [0x000001b5805a0000, 0x000001b580810000, 0x000001b587ad0000]
CodeHeap 'non-nmethods': size=5760Kb used=1634Kb max_used=1660Kb free=4125Kb
 bounds [0x000001b580000000, 0x000001b580270000, 0x000001b5805a0000]
 total_blobs=2374 nmethods=1341 adapters=946
 compilation: enabled
              stopped_count=0, restarted_count=0
 full_count=0

Compilation events (20 events):
Event: 7.128 Thread 0x000001b5fe2e7e90 1330       4       com.badlogic.gdx.graphics.glutils.IndexArray::bind (1 bytes)
Event: 7.128 Thread 0x000001b5fe2e7e90 nmethod 1330 0x000001b587b59d10 code [0x000001b587b59e80, 0x000001b587b59ed8]
Event: 7.161 Thread 0x000001b5fe2ec5e0 1331       3       com.badlogic.gdx.utils.IntArray::addAll (70 bytes)
Event: 7.161 Thread 0x000001b5fe2e7e90 1332       4       com.badlogic.gdx.math.Vector3::sub (23 bytes)
Event: 7.161 Thread 0x000001b5fe2ec5e0 nmethod 1331 0x000001b5807bdf10 code [0x000001b5807be100, 0x000001b5807be558]
Event: 7.161 Thread 0x000001b5fe2ec5e0 1333       3       com.badlogic.gdx.backends.lwjgl3.DefaultLwjgl3Input::prepareNext (83 bytes)
Event: 7.162 Thread 0x000001b5fe2ec5e0 nmethod 1333 0x000001b5807be710 code [0x000001b5807be8c0, 0x000001b5807bebd8]
Event: 7.162 Thread 0x000001b5fe2e7e90 nmethod 1332 0x000001b587b5a010 code [0x000001b587b5a180, 0x000001b587b5a218]
Event: 7.178 Thread 0x000001b5fe2ec5e0 1336       3       com.mygdx.hack.Hackslash::render (61 bytes)
Event: 7.178 Thread 0x000001b5fe2ec5e0 nmethod 1336 0x000001b5807bed10 code [0x000001b5807bf000, 0x000001b5807c0098]
Event: 7.178 Thread 0x000001b5fe2ec5e0 1338       3       com.mygdx.states.Play::update (66 bytes)
Event: 7.178 Thread 0x000001b5fe2ec5e0 nmethod 1338 0x000001b5807c0610 code [0x000001b5807c0840, 0x000001b5807c0ee8]
Event: 7.178 Thread 0x000001b5fe2ec5e0 1339       3       com.mygdx.states.Play::handleInput (387 bytes)
Event: 7.180 Thread 0x000001b5fe2ec5e0 nmethod 1339 0x000001b5807c1210 code [0x000001b5807c1700, 0x000001b5807c3978]
Event: 7.180 Thread 0x000001b5fe2ec5e0 1337       3       com.mygdx.handlers.GameStateManager::update (15 bytes)
Event: 7.180 Thread 0x000001b5fe2ec5e0 nmethod 1337 0x000001b5807c4710 code [0x000001b5807c4900, 0x000001b5807c5008]
Event: 7.180 Thread 0x000001b5fe2ec5e0 1340       3       com.mygdx.states.Play::mobmovingTest (123 bytes)
Event: 7.180 Thread 0x000001b5fe2ec5e0 nmethod 1340 0x000001b5807c5290 code [0x000001b5807c5540, 0x000001b5807c61d8]
Event: 7.180 Thread 0x000001b5fe2ec5e0 1341       3       com.badlogic.gdx.math.Vector2::toString (40 bytes)
Event: 7.180 Thread 0x000001b5fe2ec5e0 nmethod 1341 0x000001b5807c6710 code [0x000001b5807c69a0, 0x000001b5807c73d8]

GC Heap History (0 events):
No events

Deoptimization events (20 events):
Event: 1.270 Thread 0x000001b5ed674790 DEOPT PACKING pc=0x000001b58074bbd0 sp=0x0000003481aff290
Event: 1.270 Thread 0x000001b5ed674790 DEOPT UNPACKING pc=0x000001b58004e23f sp=0x0000003481afe7d8 mode 0
Event: 1.287 Thread 0x000001b5ed674790 DEOPT PACKING pc=0x000001b58074bbd0 sp=0x0000003481aff290
Event: 1.287 Thread 0x000001b5ed674790 DEOPT UNPACKING pc=0x000001b58004e23f sp=0x0000003481afe7d8 mode 0
Event: 1.354 Thread 0x000001b5ed674790 DEOPT PACKING pc=0x000001b58074bbd0 sp=0x0000003481aff290
Event: 1.354 Thread 0x000001b5ed674790 DEOPT UNPACKING pc=0x000001b58004e23f sp=0x0000003481afe7d8 mode 0
Event: 1.888 Thread 0x000001b5ed674790 DEOPT PACKING pc=0x000001b580755fb9 sp=0x0000003481aff030
Event: 1.888 Thread 0x000001b5ed674790 DEOPT UNPACKING pc=0x000001b58004e23f sp=0x0000003481afe448 mode 0
Event: 3.428 Thread 0x000001b5ed674790 Uncommon trap: trap_request=0xffffff45 fr.pc=0x000001b587b32ff8 relative=0x00000000000003d8
Event: 3.428 Thread 0x000001b5ed674790 Uncommon trap: reason=unstable_if action=reinterpret pc=0x000001b587b32ff8 method=com.badlogic.gdx.physics.box2d.Box2DDebugRenderer.getColorByBody(Lcom/badlogic/gdx/physics/box2d/Body;)Lcom/badlogic/gdx/graphics/Color; @ 46 c2
Event: 3.428 Thread 0x000001b5ed674790 DEOPT PACKING pc=0x000001b587b32ff8 sp=0x0000003481aff040
Event: 3.428 Thread 0x000001b5ed674790 DEOPT UNPACKING pc=0x000001b58004e42f sp=0x0000003481afef70 mode 2
Event: 3.428 Thread 0x000001b5ed674790 Uncommon trap: trap_request=0xffffff45 fr.pc=0x000001b587b31c3c relative=0x00000000000000fc
Event: 3.428 Thread 0x000001b5ed674790 Uncommon trap: reason=unstable_if action=reinterpret pc=0x000001b587b31c3c method=com.badlogic.gdx.physics.box2d.Box2DDebugRenderer.getColorByBody(Lcom/badlogic/gdx/physics/box2d/Body;)Lcom/badlogic/gdx/graphics/Color; @ 46 c2
Event: 3.428 Thread 0x000001b5ed674790 DEOPT PACKING pc=0x000001b587b31c3c sp=0x0000003481afefc0
Event: 3.428 Thread 0x000001b5ed674790 DEOPT UNPACKING pc=0x000001b58004e42f sp=0x0000003481afef60 mode 2
Event: 4.428 Thread 0x000001b5ed674790 DEOPT PACKING pc=0x000001b5807820ec sp=0x0000003481aff000
Event: 4.428 Thread 0x000001b5ed674790 DEOPT UNPACKING pc=0x000001b58004e23f sp=0x0000003481afe420 mode 0
Event: 6.061 Thread 0x000001b5ed674790 DEOPT PACKING pc=0x000001b58077fae7 sp=0x0000003481aff090
Event: 6.061 Thread 0x000001b5ed674790 DEOPT UNPACKING pc=0x000001b58004e23f sp=0x0000003481afe598 mode 0

Classes unloaded (0 events):
No events

Classes redefined (0 events):
No events

Internal exceptions (20 events):
Event: 0.219 Thread 0x000001b5ed674790 Exception <a 'java/lang/NoSuchMethodError'{0x0000000710495510}: 'int java.lang.invoke.DirectMethodHandle$Holder.invokeSpecial(java.lang.Object, java.lang.Object, java.lang.Object)'> (0x0000000710495510) 
thrown [./open/src/hotspot/share/interpreter/linkResolver.cpp, line 782]
Event: 0.240 Thread 0x000001b5ed674790 Exception <a 'sun/nio/fs/WindowsException'{0x0000000710537298}> (0x0000000710537298) 
thrown [./open/src/hotspot/share/prims/jni.cpp, line 578]
Event: 0.240 Thread 0x000001b5ed674790 Exception <a 'sun/nio/fs/WindowsException'{0x0000000710537828}> (0x0000000710537828) 
thrown [./open/src/hotspot/share/prims/jni.cpp, line 578]
Event: 0.265 Thread 0x000001b5ed674790 Exception <a 'java/lang/NoSuchMethodError'{0x00000007105ff458}: 'int java.lang.invoke.DirectMethodHandle$Holder.invokeStaticInit(java.lang.Object, java.lang.Object, int, long)'> (0x00000007105ff458) 
thrown [./open/src/hotspot/share/interpreter/linkResolver.cpp, line 782]
Event: 0.265 Thread 0x000001b5ed674790 Exception <a 'java/lang/NoSuchMethodError'{0x00000007102053c8}: 'java.lang.Object java.lang.invoke.DirectMethodHandle$Holder.newInvokeSpecial(java.lang.Object, java.lang.Object, int)'> (0x00000007102053c8) 
thrown [./open/src/hotspot/share/interpreter/linkResolver.cpp, line 782]
Event: 0.266 Thread 0x000001b5ed674790 Exception <a 'java/lang/NoSuchMethodError'{0x000000071021aed0}: 'int java.lang.invoke.DirectMethodHandle$Holder.invokeStaticInit(java.lang.Object, java.lang.Object, long, long)'> (0x000000071021aed0) 
thrown [./open/src/hotspot/share/interpreter/linkResolver.cpp, line 782]
Event: 0.267 Thread 0x000001b5ed674790 Exception <a 'java/lang/NoSuchMethodError'{0x00000007102213b8}: 'java.lang.Object java.lang.invoke.DirectMethodHandle$Holder.newInvokeSpecial(java.lang.Object, java.lang.Object, long)'> (0x00000007102213b8) 
thrown [./open/src/hotspot/share/interpreter/linkResolver.cpp, line 782]
Event: 0.267 Thread 0x000001b5ed674790 Exception <a 'java/lang/NoSuchMethodError'{0x0000000710225500}: 'java.lang.Object java.lang.invoke.Invokers$Holder.linkToTargetMethod(java.lang.Object, long, java.lang.Object)'> (0x0000000710225500) 
thrown [./open/src/hotspot/share/interpreter/linkResolver.cpp, line 782]
Event: 0.268 Thread 0x000001b5ed674790 Exception <a 'java/lang/NoSuchMethodError'{0x000000071022cee0}: 'int java.lang.invoke.DirectMethodHandle$Holder.invokeStaticInit(java.lang.Object, java.lang.Object, java.lang.Object, long)'> (0x000000071022cee0) 
thrown [./open/src/hotspot/share/interpreter/linkResolver.cpp, line 782]
Event: 0.280 Thread 0x000001b5ed674790 Exception <a 'sun/nio/fs/WindowsException'{0x00000007102f4d00}> (0x00000007102f4d00) 
thrown [./open/src/hotspot/share/prims/jni.cpp, line 578]
Event: 0.280 Thread 0x000001b5ed674790 Exception <a 'sun/nio/fs/WindowsException'{0x00000007102f50e0}> (0x00000007102f50e0) 
thrown [./open/src/hotspot/share/prims/jni.cpp, line 578]
Event: 0.296 Thread 0x000001b5ed674790 Exception <a 'sun/nio/fs/WindowsException'{0x00000007103c0770}> (0x00000007103c0770) 
thrown [./open/src/hotspot/share/prims/jni.cpp, line 578]
Event: 0.296 Thread 0x000001b5ed674790 Exception <a 'sun/nio/fs/WindowsException'{0x00000007103c0b20}> (0x00000007103c0b20) 
thrown [./open/src/hotspot/share/prims/jni.cpp, line 578]
Event: 0.322 Thread 0x000001b5ed674790 Exception <a 'sun/nio/fs/WindowsException'{0x0000000710063e98}> (0x0000000710063e98) 
thrown [./open/src/hotspot/share/prims/jni.cpp, line 578]
Event: 0.322 Thread 0x000001b5ed674790 Exception <a 'sun/nio/fs/WindowsException'{0x0000000710064258}> (0x0000000710064258) 
thrown [./open/src/hotspot/share/prims/jni.cpp, line 578]
Event: 0.357 Thread 0x000001b5ed674790 Exception <a 'java/lang/NoSuchMethodError'{0x00000007100b6aa8}: 'java.lang.Object java.lang.invoke.DirectMethodHandle$Holder.newInvokeSpecial(java.lang.Object, long)'> (0x00000007100b6aa8) 
thrown [./open/src/hotspot/share/interpreter/linkResolver.cpp, line 782]
Event: 0.557 Thread 0x000001b5ed674790 Exception <a 'sun/nio/fs/WindowsException'{0x00000007101fd010}> (0x00000007101fd010) 
thrown [./open/src/hotspot/share/prims/jni.cpp, line 578]
Event: 0.557 Thread 0x000001b5ed674790 Exception <a 'sun/nio/fs/WindowsException'{0x00000007101fd400}> (0x00000007101fd400) 
thrown [./open/src/hotspot/share/prims/jni.cpp, line 578]
Event: 0.560 Thread 0x000001b5ed674790 Exception <a 'sun/nio/fs/WindowsException'{0x000000070fe132d8}> (0x000000070fe132d8) 
thrown [./open/src/hotspot/share/prims/jni.cpp, line 578]
Event: 0.560 Thread 0x000001b5ed674790 Exception <a 'sun/nio/fs/WindowsException'{0x000000070fe13600}> (0x000000070fe13600) 
thrown [./open/src/hotspot/share/prims/jni.cpp, line 578]

Events (20 events):
Event: 1.611 Executing VM operation: HandshakeAllThreads
Event: 1.611 Executing VM operation: HandshakeAllThreads done
Event: 1.773 Loaded shared library C:\Users\Elwin Bassaget\AppData\Local\Temp\lwjglElwin Bassaget\3.3.1-build-7\lwjgl_opengl.dll
Event: 1.839 Loaded shared library C:\Users\Elwin Bassaget\AppData\Local\Temp\lwjglElwin Bassaget\3.3.1-build-7\lwjgl_opengl.dll
Event: 1.841 Loaded shared library C:\Users\Elwin Bassaget\AppData\Local\Temp\lwjglElwin Bassaget\3.3.1-build-7\lwjgl_opengl.dll
Event: 1.843 Loaded shared library C:\Users\Elwin Bassaget\AppData\Local\Temp\lwjglElwin Bassaget\3.3.1-build-7\lwjgl_opengl.dll
Event: 1.855 Loaded shared library C:\Users\Elwin Bassaget\.p2\pool\plugins\org.eclipse.justj.openjdk.hotspot.jre.full.win32.x86_64_15.0.1.v20201027-0507\jre\bin\java.dll
Event: 2.313 Loaded shared library C:\Users\Elwin Bassaget\AppData\Local\Temp\lwjglElwin Bassaget\3.3.1-build-7\lwjgl_opengl.dll
Event: 2.379 Loaded shared library C:\Users\Elwin Bassaget\AppData\Local\Temp\lwjglElwin Bassaget\3.3.1-build-7\lwjgl_opengl.dll
Event: 2.813 Loaded shared library C:\Users\Elwin Bassaget\AppData\Local\Temp\lwjglElwin Bassaget\3.3.1-build-7\lwjgl_opengl.dll
Event: 2.813 Loaded shared library C:\Users\Elwin Bassaget\AppData\Local\Temp\lwjglElwin Bassaget\3.3.1-build-7\lwjgl.dll
Event: 2.913 Loaded shared library C:\Users\Elwin Bassaget\AppData\Local\Temp\lwjglElwin Bassaget\3.3.1-build-7\lwjgl_opengl.dll
Event: 2.915 Loaded shared library C:\Users\Elwin Bassaget\AppData\Local\Temp\lwjglElwin Bassaget\3.3.1-build-7\lwjgl_opengl.dll
Event: 3.246 Loaded shared library C:\Users\Elwin Bassaget\AppData\Local\Temp\lwjglElwin Bassaget\3.3.1-build-7\lwjgl_opengl.dll
Event: 3.962 Loaded shared library C:\Users\Elwin Bassaget\AppData\Local\Temp\libgdxElwin Bassaget\e787ab0a\gdx64.dll
Event: 4.846 Loaded shared library C:\Users\Elwin Bassaget\AppData\Local\Temp\lwjglElwin Bassaget\3.3.1-build-7\lwjgl_opengl.dll
Event: 4.848 Loaded shared library C:\Users\Elwin Bassaget\AppData\Local\Temp\lwjglElwin Bassaget\3.3.1-build-7\lwjgl_opengl.dll
Event: 5.013 Loaded shared library C:\Users\Elwin Bassaget\AppData\Local\Temp\lwjglElwin Bassaget\3.3.1-build-7\lwjgl_opengl.dll
Event: 7.162 Loaded shared library C:\Users\Elwin Bassaget\AppData\Local\Temp\lwjglElwin Bassaget\3.3.1-build-7\lwjgl.dll
Event: 7.163 Loaded shared library C:\Users\Elwin Bassaget\AppData\Local\Temp\lwjglElwin Bassaget\3.3.1-build-7\lwjgl.dll


Dynamic libraries:
0x00007ff64c410000 - 0x00007ff64c41d000 	C:\Users\Elwin Bassaget\.p2\pool\plugins\org.eclipse.justj.openjdk.hotspot.jre.full.win32.x86_64_15.0.1.v20201027-0507\jre\bin\javaw.exe
0x00007ff902050000 - 0x00007ff902248000 	C:\WINDOWS\SYSTEM32\ntdll.dll
0x00007ff900e20000 - 0x00007ff900edf000 	C:\WINDOWS\System32\KERNEL32.DLL
0x00007ff8ff760000 - 0x00007ff8ffa3a000 	C:\WINDOWS\System32\KERNELBASE.dll
0x00007ff8ffde0000 - 0x00007ff8ffee0000 	C:\WINDOWS\System32\ucrtbase.dll
0x00007ff8ded30000 - 0x00007ff8ded49000 	C:\Users\Elwin Bassaget\.p2\pool\plugins\org.eclipse.justj.openjdk.hotspot.jre.full.win32.x86_64_15.0.1.v20201027-0507\jre\bin\VCRUNTIME140.dll
0x00007ff8e94c0000 - 0x00007ff8e94d8000 	C:\Users\Elwin Bassaget\.p2\pool\plugins\org.eclipse.justj.openjdk.hotspot.jre.full.win32.x86_64_15.0.1.v20201027-0507\jre\bin\jli.dll
0x00007ff9011f0000 - 0x00007ff90138d000 	C:\WINDOWS\System32\USER32.dll
0x00007ff8fff70000 - 0x00007ff8fff92000 	C:\WINDOWS\System32\win32u.dll
0x00007ff8f5260000 - 0x00007ff8f54fa000 	C:\WINDOWS\WinSxS\amd64_microsoft.windows.common-controls_6595b64144ccf1df_6.0.19041.1110_none_60b5254171f9507e\COMCTL32.dll
0x00007ff9003c0000 - 0x00007ff9003eb000 	C:\WINDOWS\System32\GDI32.dll
0x00007ff9018b0000 - 0x00007ff90194e000 	C:\WINDOWS\System32\msvcrt.dll
0x00007ff8fffa0000 - 0x00007ff9000b0000 	C:\WINDOWS\System32\gdi32full.dll
0x00007ff8ffa40000 - 0x00007ff8ffadd000 	C:\WINDOWS\System32\msvcp_win.dll
0x00007ff900330000 - 0x00007ff900360000 	C:\WINDOWS\System32\IMM32.DLL
0x00007ff8fcd80000 - 0x00007ff8fcd8c000 	C:\Users\Elwin Bassaget\.p2\pool\plugins\org.eclipse.justj.openjdk.hotspot.jre.full.win32.x86_64_15.0.1.v20201027-0507\jre\bin\vcruntime140_1.dll
0x00007ff8c7580000 - 0x00007ff8c7611000 	C:\Users\Elwin Bassaget\.p2\pool\plugins\org.eclipse.justj.openjdk.hotspot.jre.full.win32.x86_64_15.0.1.v20201027-0507\jre\bin\msvcp140.dll
0x00007ff80a9c0000 - 0x00007ff80b51e000 	C:\Users\Elwin Bassaget\.p2\pool\plugins\org.eclipse.justj.openjdk.hotspot.jre.full.win32.x86_64_15.0.1.v20201027-0507\jre\bin\server\jvm.dll
0x00007ff901a70000 - 0x00007ff901b1e000 	C:\WINDOWS\System32\ADVAPI32.dll
0x00007ff901120000 - 0x00007ff9011bc000 	C:\WINDOWS\System32\sechost.dll
0x00007ff900cf0000 - 0x00007ff900e16000 	C:\WINDOWS\System32\RPCRT4.dll
0x00007ff9011e0000 - 0x00007ff9011e8000 	C:\WINDOWS\System32\PSAPI.DLL
0x00007ff8e6980000 - 0x00007ff8e6989000 	C:\WINDOWS\SYSTEM32\WSOCK32.dll
0x00007ff8f89e0000 - 0x00007ff8f8a07000 	C:\WINDOWS\SYSTEM32\WINMM.dll
0x00007ff9004b0000 - 0x00007ff90051b000 	C:\WINDOWS\System32\WS2_32.dll
0x00007ff8f9e20000 - 0x00007ff8f9e2a000 	C:\WINDOWS\SYSTEM32\VERSION.dll
0x00007ff8fd640000 - 0x00007ff8fd652000 	C:\WINDOWS\SYSTEM32\kernel.appcore.dll
0x00007ff8ca000000 - 0x00007ff8ca00a000 	C:\Users\Elwin Bassaget\.p2\pool\plugins\org.eclipse.justj.openjdk.hotspot.jre.full.win32.x86_64_15.0.1.v20201027-0507\jre\bin\jimage.dll
0x00007ff8f1e60000 - 0x00007ff8f2044000 	C:\WINDOWS\SYSTEM32\DBGHELP.DLL
0x00007ff8e6da0000 - 0x00007ff8e6dd4000 	C:\WINDOWS\SYSTEM32\dbgcore.DLL
0x00007ff8ffee0000 - 0x00007ff8fff62000 	C:\WINDOWS\System32\bcryptPrimitives.dll
0x00007ff86e970000 - 0x00007ff86e995000 	C:\Users\Elwin Bassaget\.p2\pool\plugins\org.eclipse.justj.openjdk.hotspot.jre.full.win32.x86_64_15.0.1.v20201027-0507\jre\bin\java.dll
0x00007ff8a60e0000 - 0x00007ff8a60f8000 	C:\Users\Elwin Bassaget\.p2\pool\plugins\org.eclipse.justj.openjdk.hotspot.jre.full.win32.x86_64_15.0.1.v20201027-0507\jre\bin\zip.dll
0x00007ff900520000 - 0x00007ff900c64000 	C:\WINDOWS\System32\SHELL32.dll
0x00007ff8fd840000 - 0x00007ff8fdfd3000 	C:\WINDOWS\SYSTEM32\windows.storage.dll
0x00007ff901cb0000 - 0x00007ff902004000 	C:\WINDOWS\System32\combase.dll
0x00007ff8ff1c0000 - 0x00007ff8ff1ee000 	C:\WINDOWS\SYSTEM32\Wldp.dll
0x00007ff900ee0000 - 0x00007ff900f8d000 	C:\WINDOWS\System32\SHCORE.dll
0x00007ff901b20000 - 0x00007ff901b75000 	C:\WINDOWS\System32\shlwapi.dll
0x00007ff8ff6a0000 - 0x00007ff8ff6bf000 	C:\WINDOWS\SYSTEM32\profapi.dll
0x00007ff8a3990000 - 0x00007ff8a39a9000 	C:\Users\Elwin Bassaget\.p2\pool\plugins\org.eclipse.justj.openjdk.hotspot.jre.full.win32.x86_64_15.0.1.v20201027-0507\jre\bin\net.dll
0x00007ff8f9420000 - 0x00007ff8f952a000 	C:\WINDOWS\SYSTEM32\WINHTTP.dll
0x00007ff8fef20000 - 0x00007ff8fef8a000 	C:\WINDOWS\system32\mswsock.dll
0x00007ff8a1850000 - 0x00007ff8a1862000 	C:\Users\Elwin Bassaget\.p2\pool\plugins\org.eclipse.justj.openjdk.hotspot.jre.full.win32.x86_64_15.0.1.v20201027-0507\jre\bin\nio.dll
0x0000000072d00000 - 0x0000000072d29000 	C:\Users\Elwin Bassaget\AppData\Local\Temp\libgdxElwin Bassaget\e787ab0a\gdx64.dll
0x00007ff8bf9d0000 - 0x00007ff8bfa45000 	C:\Users\Elwin Bassaget\AppData\Local\Temp\lwjglElwin Bassaget\3.3.1-build-7\lwjgl.dll
0x00007ff8635c0000 - 0x00007ff863819000 	C:\Users\ELWINB~1\AppData\Local\Temp\lwjglElwin Bassaget\3.3.1-build-7\jemalloc.dll
0x00007ff8cb260000 - 0x00007ff8cb2c1000 	C:\Users\ELWINB~1\AppData\Local\Temp\lwjglElwin Bassaget\3.3.1-build-7\glfw.dll
0x00007ff8cae30000 - 0x00007ff8cae75000 	C:\WINDOWS\SYSTEM32\dinput8.dll
0x00007ff8ded10000 - 0x00007ff8ded21000 	C:\WINDOWS\SYSTEM32\xinput1_4.dll
0x00007ff8ffd60000 - 0x00007ff8ffdae000 	C:\WINDOWS\System32\cfgmgr32.dll
0x00007ff8ff510000 - 0x00007ff8ff53c000 	C:\WINDOWS\SYSTEM32\DEVOBJ.dll
0x00007ff8fd460000 - 0x00007ff8fd48f000 	C:\WINDOWS\SYSTEM32\dwmapi.dll
0x00007ff8e8fa0000 - 0x00007ff8e90f2000 	C:\WINDOWS\SYSTEM32\inputhost.dll
0x00007ff900260000 - 0x00007ff90032d000 	C:\WINDOWS\System32\OLEAUT32.dll
0x00007ff8fbfa0000 - 0x00007ff8fc0f4000 	C:\WINDOWS\SYSTEM32\wintypes.dll
0x00007ff8fa9e0000 - 0x00007ff8faad6000 	C:\WINDOWS\SYSTEM32\PROPSYS.dll
0x00007ff8fcb40000 - 0x00007ff8fcc32000 	C:\WINDOWS\SYSTEM32\CoreMessaging.dll
0x00007ff8fc7e0000 - 0x00007ff8fcb3e000 	C:\WINDOWS\SYSTEM32\CoreUIComponents.dll
0x00007ff8fe8f0000 - 0x00007ff8fe923000 	C:\WINDOWS\SYSTEM32\ntmarta.dll
0x00007ff8fd070000 - 0x00007ff8fd10e000 	C:\WINDOWS\system32\uxtheme.dll
0x00007ff901950000 - 0x00007ff901a64000 	C:\WINDOWS\System32\MSCTF.dll
0x00007ff808ce0000 - 0x00007ff808e77000 	C:\Users\ELWINB~1\AppData\Local\Temp\lwjglElwin Bassaget\3.3.1-build-7\OpenAL.dll
0x00007ff901b80000 - 0x00007ff901caa000 	C:\WINDOWS\System32\ole32.dll
0x00007ff901390000 - 0x00007ff901439000 	C:\WINDOWS\System32\clbcatq.dll
0x00007ff8f8520000 - 0x00007ff8f85a5000 	C:\WINDOWS\System32\MMDevApi.dll
0x00007ff8cf0e0000 - 0x00007ff8cf262000 	C:\WINDOWS\SYSTEM32\AUDIOSES.DLL
0x00007ff8fed30000 - 0x00007ff8fed7b000 	C:\WINDOWS\SYSTEM32\powrprof.dll
0x00007ff8feba0000 - 0x00007ff8febb2000 	C:\WINDOWS\SYSTEM32\UMPDC.dll
0x00007ff8fd240000 - 0x00007ff8fd254000 	C:\WINDOWS\SYSTEM32\resourcepolicyclient.dll
0x00007ff81a490000 - 0x00007ff81a5b5000 	C:\WINDOWS\SYSTEM32\opengl32.dll
0x00007ff8c7550000 - 0x00007ff8c757c000 	C:\WINDOWS\SYSTEM32\GLU32.dll
0x00007ff8fa010000 - 0x00007ff8fa114000 	C:\Windows\System32\AppXDeploymentClient.dll
0x00007ff805cb0000 - 0x00007ff808cd8000 	C:\WINDOWS\System32\DriverStore\FileRepository\nvmdsig.inf_amd64_2cbda77fb3b576c2\nvoglv64.dll
0x00007ff901440000 - 0x00007ff9018a8000 	C:\WINDOWS\System32\SETUPAPI.dll
0x00007ff8ffdb0000 - 0x00007ff8ffdd7000 	C:\WINDOWS\System32\bcrypt.dll
0x00007ff8fb000000 - 0x00007ff8fb014000 	C:\WINDOWS\SYSTEM32\WTSAPI32.dll
0x00007ff8ff130000 - 0x00007ff8ff13c000 	C:\WINDOWS\SYSTEM32\CRYPTBASE.DLL
0x00007ff8ff350000 - 0x00007ff8ff362000 	C:\WINDOWS\SYSTEM32\msasn1.dll
0x00007ff8f90c0000 - 0x00007ff8f90f1000 	C:\WINDOWS\SYSTEM32\cryptnet.dll
0x00007ff8ffae0000 - 0x00007ff8ffc36000 	C:\WINDOWS\System32\CRYPT32.dll
0x00007ff8f8d70000 - 0x00007ff8f8eb8000 	C:\WINDOWS\SYSTEM32\drvstore.dll
0x00007ff8ffcf0000 - 0x00007ff8ffd57000 	C:\WINDOWS\System32\WINTRUST.dll
0x00007ff8fa240000 - 0x00007ff8fa27b000 	C:\WINDOWS\SYSTEM32\dxcore.dll
0x00007ff8ae260000 - 0x00007ff8ae527000 	C:\WINDOWS\system32\nvspcap64.dll
0x00007ff8fe460000 - 0x00007ff8fe4c4000 	C:\WINDOWS\SYSTEM32\WINSTA.dll
0x00007ff864ec0000 - 0x00007ff864f1d000 	C:\Users\Elwin Bassaget\AppData\Local\Temp\lwjglElwin Bassaget\3.3.1-build-7\lwjgl_opengl.dll
0x00007ff8e8310000 - 0x00007ff8e8409000 	C:\WINDOWS\SYSTEM32\textinputframework.dll
0x0000000072ca0000 - 0x0000000072cfa000 	C:\Users\Elwin Bassaget\AppData\Local\Temp\libgdxElwin Bassaget\888fe1bc\gdx-box2d64.dll

dbghelp: loaded successfully - version: 4.0.5 - missing functions: none
symbol engine: initialized successfully - sym options: 0x614 - pdb path: .;C:\Users\Elwin Bassaget\.p2\pool\plugins\org.eclipse.justj.openjdk.hotspot.jre.full.win32.x86_64_15.0.1.v20201027-0507\jre\bin;C:\WINDOWS\SYSTEM32;C:\WINDOWS\WinSxS\amd64_microsoft.windows.common-controls_6595b64144ccf1df_6.0.19041.1110_none_60b5254171f9507e;C:\Users\Elwin Bassaget\.p2\pool\plugins\org.eclipse.justj.openjdk.hotspot.jre.full.win32.x86_64_15.0.1.v20201027-0507\jre\bin\server;C:\Users\Elwin Bassaget\AppData\Local\Temp\libgdxElwin Bassaget\e787ab0a;C:\Users\Elwin Bassaget\AppData\Local\Temp\lwjglElwin Bassaget\3.3.1-build-7;C:\Users\ELWINB~1\AppData\Local\Temp\lwjglElwin Bassaget\3.3.1-build-7;C:\WINDOWS\System32\DriverStore\FileRepository\nvmdsig.inf_amd64_2cbda77fb3b576c2;C:\Users\Elwin Bassaget\AppData\Local\Temp\libgdxElwin Bassaget\888fe1bc

VM Arguments:
jvm_args: -Dfile.encoding=Cp1252 -XX:+ShowCodeDetailsInExceptionMessages 
java_command: com.mygdx.hack.DesktopLauncher
java_class_path (initial): C:\Users\Elwin Bassaget\Desktop\Travail école\Java_game\desktop\bin\main;\hack_n_slash-desktop\bin\default;\hack_n_slash-core\bin\default;C:\Users\Elwin Bassaget\Desktop\Travail école\Java_game\core\bin\main;C:\Users\Elwin Bassaget\.gradle\caches\modules-2\files-2.1\com.badlogicgames.gdx\gdx-backend-lwjgl3\1.11.0\58a96db4cd349be4292d547856aa1e1c5f065f4e\gdx-backend-lwjgl3-1.11.0.jar;C:\Users\Elwin Bassaget\.gradle\caches\modules-2\files-2.1\com.badlogicgames.gdx\gdx-platform\1.11.0\697fb13eada6d3c6ca648c9788692b0159add126\gdx-platform-1.11.0-natives-desktop.jar;C:\Users\Elwin Bassaget\.gradle\caches\modules-2\files-2.1\com.badlogicgames.gdx\gdx-box2d-platform\1.11.0\62ff9baa1e57a11e0a4428a38c9660bf9f312fdc\gdx-box2d-platform-1.11.0-natives-desktop.jar;C:\Users\Elwin Bassaget\.gradle\caches\modules-2\files-2.1\com.badlogicgames.gdx-controllers\gdx-controllers-desktop\2.2.1\cb3430c32468a090eca54d494d16bb3764ceff9b\gdx-controllers-desktop-2.2.1.jar;C:\Users\Elwin Bassaget\.gradle\caches\modules-2\files-2.1\com.badlogicgames.gdx\gdx-bullet-platform\1.11.0\2c067b913a306ba26d482075297538ad91cdb88b\gdx-bullet-platform-1.11.0-natives-desktop.jar;C:\Users\Elwin Bassaget\.gradle\caches\modules-2\files-2.1\com.badlogicgames.gdx\gdx-box2d\1.11.0\ad4facee800dd945d6d6e93dea2936bc135b5f\gdx-box2d-1.11.0.jar;C:\Users\Elwin Bassaget\.gradle\caches\modules-2\files-2.1\com.badlogicgames.gdx\gdx-bullet\1.11.0\1eb83845fa655e7e8ab6bbb979d28b0502ad3302\gdx-bullet-1.11.0.jar;C:\Users\Elwin Bassaget\.gradle\caches\modules-2\files-2.1\com.badlogicgames.gdx\gdx-ai\1.8.2\ab75d2ce80ab1b1ce6828a15dc0f417abac4c674\gdx-ai-1.8.2.jar;C:\Users\Elwin Bassaget\.gradle\caches\modules-2\files-2.1\com.badlogicgames.gdx\gdx\1.11.0\ffe1206d1004cd9e40027e28964be0fea0399af7\gdx-1.11.0.jar;C:\Users\Elwin Bassaget\.gradle\caches\modules-2\files-2.1\org.lwjgl\lwjgl-glfw\3.3.1\cbac1b8d30cb4795149c1ef540f912671a8616d0\lwjgl-glfw-3.3.1.jar;C:\Users\Elwin Bassaget\.gradle\caches\modules-
Launcher Type: SUN_STANDARD

[Global flags]
     intx CICompilerCount                          = 4                                         {product} {ergonomic}
     uint ConcGCThreads                            = 3                                         {product} {ergonomic}
     uint G1ConcRefinementThreads                  = 10                                        {product} {ergonomic}
   size_t G1HeapRegionSize                         = 2097152                                   {product} {ergonomic}
    uintx GCDrainStackTargetSize                   = 64                                        {product} {ergonomic}
   size_t InitialHeapSize                          = 268435456                                 {product} {ergonomic}
   size_t MarkStackSize                            = 4194304                                   {product} {ergonomic}
   size_t MaxHeapSize                              = 4282384384                                {product} {ergonomic}
   size_t MaxNewSize                               = 2569011200                                {product} {ergonomic}
   size_t MinHeapDeltaBytes                        = 2097152                                   {product} {ergonomic}
   size_t MinHeapSize                              = 8388608                                   {product} {ergonomic}
    uintx NonNMethodCodeHeapSize                   = 5839372                                {pd product} {ergonomic}
    uintx NonProfiledCodeHeapSize                  = 122909434                              {pd product} {ergonomic}
    uintx ProfiledCodeHeapSize                     = 122909434                              {pd product} {ergonomic}
    uintx ReservedCodeCacheSize                    = 251658240                              {pd product} {ergonomic}
     bool SegmentedCodeCache                       = true                                      {product} {ergonomic}
     bool ShowCodeDetailsInExceptionMessages       = true                                   {manageable} {command line}
   size_t SoftMaxHeapSize                          = 4282384384                             {manageable} {ergonomic}
     bool UseCompressedClassPointers               = true                                 {lp64_product} {ergonomic}
     bool UseCompressedOops                        = true                                 {lp64_product} {ergonomic}
     bool UseG1GC                                  = true                                      {product} {ergonomic}
     bool UseLargePagesIndividualAllocation        = false                                  {pd product} {ergonomic}

Logging:
Log output configuration:
 #0: stdout all=warning uptime,level,tags
 #1: stderr all=off uptime,level,tags

Environment Variables:
PATH=C:/Users/Elwin Bassaget/.p2/pool/plugins/org.eclipse.justj.openjdk.hotspot.jre.full.win32.x86_64_15.0.1.v20201027-0507/jre/bin/server;C:/Users/Elwin Bassaget/.p2/pool/plugins/org.eclipse.justj.openjdk.hotspot.jre.full.win32.x86_64_15.0.1.v20201027-0507/jre/bin;C:\Python310\Scripts\;C:\Python310\;C:\Program Files\Common Files\Oracle\Java\javapath;C:\FFmpeg\bin\;C:\FFmpeg\bin;C:\Program Files (x86)\Common Files\Oracle\Java\javapath;C:\WINDOWS\system32;C:\WINDOWS;C:\WINDOWS\System32\Wbem;C:\WINDOWS\System32\WindowsPowerShell\v1.0\;C:\WINDOWS\System32\OpenSSH\;C:\Program Files\dotnet\;C:\Program Files (x86)\Intel\Intel(R) Management Engine Components\DAL;C:\Program Files\Intel\Intel(R) Management Engine Components\DAL;C:\Program Files\Git\cmd;C:\Users\Elwin Bassaget\.cargo\bin;C:\Users\Elwin Bassaget\AppData\Local\Programs\Python\Python37\Scripts\;C:\Users\Elwin Bassaget\AppData\Local\Programs\Python\Python37\;C:\Users\Elwin Bassaget\AppData\Local\Microsoft\WindowsApps;C:\Program Files (x86)\Windows Live\Shared;C:\Program Files (x86)\NVIDIA Corporation\PhysX\Common;C:\Program Files\NVIDIA Corporation\NVIDIA NvDLISR;A:\Program files\Print Conductor;C:\Program Files (x86)\dotnet\;C:\ProgramData\chocolatey\bin;C:\Program Files\nodejs\;C:\Users\Elwin Bassaget\.cargo\bin;C:\Users\Elwin Bassaget\AppData\Local\Programs\Python\Python37\Scripts\;C:\Users\Elwin Bassaget\AppData\Local\Programs\Python\Python37\;C:\Users\Elwin Bassaget\AppData\Local\Microsoft\WindowsApps;C:\Users\Elwin Bassaget\AppData\Local\GitHubDesktop\bin;C:\Users\Elwin Bassaget\.dotnet\tools;A:\Program files\Print Conductor;C:\Users\Elwin Bassaget\AppData\Local\Programs\Microsoft VS Code\bin;C:\Users\Elwin Bassaget\AppData\Roaming\npm;C:\WINDOWS\system32;
USERNAME=Elwin Bassaget
OS=Windows_NT
PROCESSOR_IDENTIFIER=AMD64 Family 23 Model 113 Stepping 0, AuthenticAMD



---------------  S Y S T E M  ---------------

OS:
 Windows 10 , 64 bit Build 19041 (10.0.19041.2788)
OS uptime: 0 days 2:33 hours

CPU: total 12 (initial active 12) (12 cores per cpu, 2 threads per core) family 23 model 113 stepping 0 microcode 0x0, cmov, cx8, fxsr, mmx, sse, sse2, sse3, ssse3, sse4.1, sse4.2, popcnt, vzeroupper, avx, avx2, aes, clmul, 3dnowpref, lzcnt, sse4a, ht, tsc, tscinvbit, tscinv, bmi1, bmi2, adx, sha, fma, clflush, clflushopt

Memory: 4k page, system-wide physical 16333M (4136M free)
TotalPageFile size 20941M (AvailPageFile size 4142M)
current process WorkingSet (physical memory assigned to process): 142M, peak: 144M
current process commit charge ("private bytes"): 469M, peak: 471M

vm_info: OpenJDK 64-Bit Server VM (15.0.1+9-18) for windows-amd64 JRE (15.0.1+9-18), built on Sep 15 2020 14:39:31 by "mach5one" with unknown MS VC++:1925

END.
